Starting MySQL backup...
mkdir: cannot create directory ‘/opt/webapps/backups/mysql’: Permission denied
/opt/webapps/scripts/backup_db.sh: line 19: /opt/webapps/backups/mysql/wordpress_backup_20250428_030001.sql.gz: No such file or directory
mysqldump: [Warning] Using a password on the command line interface can be insecure.
mysqldump: Error: 'Access denied; you need (at least one of) the PROCESS privilege(s) for this operation' when trying to dump tablespaces
❌ Backup failed.
Starting MySQL backup...
mkdir: cannot create directory ‘/opt/webapps/backups/mysql’: Permission denied
/opt/webapps/scripts/backup_db.sh: line 19: /opt/webapps/backups/mysql/wordpress_backup_20250429_030001.sql.gz: No such file or directory
Error response from daemon: No such container: prod_db_1
❌ Backup failed.
mysqldump: [Warning] Using a password on the command line interface can be insecure.
mysqldump: Error: 'Access denied; you need (at least one of) the PROCESS privilege(s) for this operation' when trying to dump tablespaces
Starting MySQL backup...
mkdir: cannot create directory ‘/opt/webapps/backups/mysql’: Permission denied
mysqldump: [Warning] Using a password on the command line interface can be insecure.
mysqldump: Error: 'Access denied; you need (at least one of) the PROCESS privilege(s) for this operation' when trying to dump tablespaces
Starting MySQL backup...
mkdir: cannot create directory ‘/opt/webapps/backups/mysql’: Permission denied
mysqldump: [Warning] Using a password on the command line interface can be insecure.
mysqldump: Error: 'Access denied; you need (at least one of) the PROCESS privilege(s) for this operation' when trying to dump tablespaces
Starting MySQL backup...
mkdir: cannot create directory ‘/opt/webapps/backups/mysql’: Permission denied
mysqldump: [Warning] Using a password on the command line interface can be insecure.
mysqldump: Error: 'Access denied; you need (at least one of) the PROCESS privilege(s) for this operation' when trying to dump tablespaces
Starting MySQL backup...
mkdir: cannot create directory ‘/opt/webapps/backups/mysql’: Permission denied
mysqldump: [Warning] Using a password on the command line interface can be insecure.
mysqldump: Error: 'Access denied; you need (at least one of) the PROCESS privilege(s) for this operation' when trying to dump tablespaces
Starting MySQL backup...
mkdir: cannot create directory ‘/opt/webapps/backups/mysql’: Permission denied
mysqldump: [Warning] Using a password on the command line interface can be insecure.
mysqldump: Error: 'Access denied; you need (at least one of) the PROCESS privilege(s) for this operation' when trying to dump tablespaces
Starting MySQL backup...
mkdir: cannot create directory ‘/opt/webapps/backups/mysql’: Permission denied
mysqldump: [Warning] Using a password on the command line interface can be insecure.
mysqldump: Error: 'Access denied; you need (at least one of) the PROCESS privilege(s) for this operation' when trying to dump tablespaces
Starting MySQL backup...
mkdir: cannot create directory ‘/opt/webapps/backups/mysql’: Permission denied
mysqldump: [Warning] Using a password on the command line interface can be insecure.
mysqldump: Error: 'Access denied; you need (at least one of) the PROCESS privilege(s) for this operation' when trying to dump tablespaces
Starting MySQL backup...
mkdir: cannot create directory ‘/opt/webapps/backups/mysql’: Permission denied
mysqldump: [Warning] Using a password on the command line interface can be insecure.
mysqldump: Error: 'Access denied; you need (at least one of) the PROCESS privilege(s) for this operation' when trying to dump tablespaces
Starting MySQL backup...
mkdir: cannot create directory ‘/opt/webapps/backups/mysql’: Permission denied
